<?xml version="1.0" encoding="UTF-8"?>
<testng-results ignored="0" total="1" passed="1" failed="0" skipped="0">
  <reporter-output>
  </reporter-output>
  <suite started-at="2024-12-13T15:53:01 IST" name="Default suite" finished-at="2024-12-13T15:54:04 IST" duration-ms="63047">
    <groups>
    </groups>
    <test started-at="2024-12-13T15:53:01 IST" name="Default test" finished-at="2024-12-13T15:54:04 IST" duration-ms="63047">
      <class name="Testpkg.Testclass">
        <test-method is-config="true" signature="setup()[pri:0, instance:Testpkg.Testclass@53fe15ff]" started-at="2024-12-13T15:53:01 IST" name="setup" finished-at="2024-12-13T15:53:11 IST" duration-ms="10283" status="PASS">
          <reporter-output>
          </reporter-output>
        </test-method> <!-- setup -->
        <test-method signature="verifylogin()[pri:0, instance:Testpkg.Testclass@53fe15ff]" started-at="2024-12-13T15:53:11 IST" name="verifylogin" finished-at="2024-12-13T15:54:04 IST" duration-ms="52645" status="PASS">
          <reporter-output>
          </reporter-output>
        </test-method> <!-- verifylogin -->
      </class> <!-- Testpkg.Testclass -->
    </test> <!-- Default test -->
  </suite> <!-- Default suite -->
</testng-results>
